
User.objects.create(first_name="DJ")
User.objects.create(first_name="Sam")
User.objects.create(first_name="Meg")

Book.objects.create(name="making friends", uploader=User.objects.first())
Book.objects.create(name="hohohoh", uploader=User.objects.first())

# due to a delete, second and third users have id's +1 to what one would expect...
Book.objects.create(name="meh1", uploader=User.objects.get(id=3))
Book.objects.create(name="meh2", uploader=User.objects.get(id=3))
Book.objects.create(name="boo1", uploader=User.objects.get(id=4))
Book.objects.create(name="boo2", uploader=User.objects.get(id=4))

Book.objects.last().liked_users.add(User.objects.first())
Book.objects.first().liked_users.add(User.objects.first())

Book.objects.first().liked_users.add(User.objects.get(id=3))
Book.objects.get(id=3).liked_users.add(User.objects.get(id=3))

Book.objects.get(id=1).liked_users.add(User.objects.get(id=4))
Book.objects.get(id=2).liked_users.add(User.objects.get(id=4))
Book.objects.get(id=3).liked_users.add(User.objects.get(id=4))
Book.objects.get(id=4).liked_users.add(User.objects.get(id=4))
Book.objects.get(id=5).liked_users.add(User.objects.get(id=4))
Book.objects.get(id=6).liked_users.add(User.objects.get(id=4))

Book.objects.first().liked_users

Book.objects.first().uploader

Book.objects.get(id=3).liked_users

Book.objects.get(id=3).uploader
